Build started 6/27/2015 6:25:59 AM.
     1>Project "C:\Users\Patrick\Documents\GitHub\theEngine\MFCEngine\MFCEngine.vcxproj" on node 2 (Build target(s)).
     1>ClCompile:
         C:\Program Files (x86)\Microsoft Visual Studio 12.0\VC\bin\CL.exe /c /Zi /nologo /W0 /WX- /sdl /O2 /Oi /Oy- /GL /D _CRT_SECURE_NO_WARNINGS /D _MBCS /D _AFXDLL /Gm- /EHsc /MD /GS /Gy /fp:precise /Zc:wchar_t /Zc:forScope /Fo"Release\\" /Fd"Release\vc120.pdb" /Gd /TP /analyze- /errorReport:prompt DebugWindow.cpp
         DebugWindow.cpp
         _WIN32_WINNT not defined. Defaulting to _WIN32_WINNT_MAXVER (see WinSDKVer.h)
       ResourceCompile:
         C:\Program Files (x86)\Windows Kits\8.1\bin\x86\rc.exe /D _AFXDLL /l"0x0409" /nologo /fo"Release\MFCEngine.res" MFCEngine.rc 
       Link:
         C:\Program Files (x86)\Microsoft Visual Studio 12.0\VC\bin\link.exe /ERRORREPORT:PROMPT /OUT:"C:\Users\Patrick\Documents\GitHub\theEngine\Release\MFCEngine.exe" /NOLOGO /MANIFEST /MANIFESTUAC:"level='asInvoker' uiAccess='false'" /manifest:embed /manifestinput:"C:\Program Files (x86)\Microsoft Visual Studio 12.0\VC\Include\Manifest\dpiaware.manifest" /DEBUG /PDB:"C:\Users\Patrick\Documents\GitHub\theEngine\Release\MFCEngine.pdb" /SUBSYSTEM:WINDOWS /OPT:REF /OPT:ICF /LTCG /TLBID:1 /DYNAMICBASE /NXCOMPAT /IMPLIB:"C:\Users\Patrick\Documents\GitHub\theEngine\Release\MFCEngine.lib" /MACHINE:X86 /SAFESEH Release\MFCEngine.res
         Release\DebugWindow.obj
         Release\Camera.obj
         Release\Character.obj
         Release\Component.obj
         Release\CSkinScrollBar.obj
         Release\CSkinScrollWnd.obj
         Release\CustomBehaviour.obj
         Release\D3DGraphics.obj
         Release\DialogObjList.obj
         Release\FileEngine.obj
         Release\FileTree.obj
         Release\Gameobject.obj
         Release\GlobalPointerDef.obj
         Release\KeyboardInput.obj
         Release\Lexer.obj
         Release\Light.obj
         Release\MainApp.obj
         Release\MainDoc.obj
         Release\MainSplitter.obj
         Release\MainView.obj
         Release\MainWin.obj
         Release\MaterialEditor.obj
         Release\Mesh.obj
         Release\MeshRenderer.obj
         Release\MouseInput.obj
         Release\Parser.obj
         Release\PhysicsController.obj
         Release\Project.obj
         Release\Scanner.obj
         Release\Scene.obj
         Release\SceneRenderer.obj
         Release\DialogObjProp.obj
         Release\TextEditor.obj
         Release\Token.obj
         Release\Transform.obj
         Release\Vector.obj
     1>DebugWindow.obj : error LNK2001: unresolved external symbol "public: virtual __thiscall DebugWindow::~DebugWindow(void)" (??1DebugWindow@@UAE@XZ)
     1>DebugWindow.obj : error LNK2001: unresolved external symbol "protected: virtual int __thiscall DebugWindow::InitInstance(void)" (?InitInstance@DebugWindow@@MAEHXZ)
     1>C:\Users\Patrick\Documents\GitHub\theEngine\Release\MFCEngine.exe : fatal error LNK1120: 2 unresolved externals
     1>Done Building Project "C:\Users\Patrick\Documents\GitHub\theEngine\MFCEngine\MFCEngine.vcxproj" (Build target(s)) -- FAILED.

Build FAILED.

Time Elapsed 00:00:09.56
